Logfile initialized
[INFO] logfile = /home/alannaharding/TitaniumStudioWorkspace/NetflixBrowser_crossplatform3/NetflixBrowser_crossplatform/build.log
[DEBUG] /home/alannaharding/.titanium/mobilesdk/linux/2.1.0.GA/android/builder.py simulator NetflixBrowser /home/alannaharding/android-sdk-linux /home/alannaharding/TitaniumStudioWorkspace/NetflixBrowser_crossplatform3/NetflixBrowser_crossplatform org.jaydata.netflixbrowser 3 WVGA854 
[INFO] Building NetflixBrowser for Android ... one moment
[INFO] Titanium SDK version: 2.1.0 (06/28/12 12:16 6e3cab6)
[DEBUG] Waiting for device to be ready ...
[TRACE] adb devices returned 1 devices/emulators
[TRACE] adb devices returned 1 devices/emulators
[TRACE] adb devices returned 1 devices/emulators
[DEBUG] Device connected... (waited 10 seconds)
[DEBUG] waited 10.048257 seconds on emulator to get ready
[INFO] Waiting for the Android Emulator to become available
[DEBUG] org.jaydata.netflixbrowser installed? True
[INFO] Fastdev server running, deploying in Fastdev mode
[INFO] Copying CommonJS modules...
[INFO] Copying project resources..
[INFO] Detected change in tiapp.xml, or assets deleted. Forcing full re-build...
[TRACE] COPYING CREATED FILE: /home/alannaharding/TitaniumStudioWorkspace/NetflixBrowser_crossplatform3/NetflixBrowser_crossplatform/Resources/app.js => /home/alannaharding/TitaniumStudioWorkspace/NetflixBrowser_crossplatform3/NetflixBrowser_crossplatform/build/android/bin/assets/Resources/app.js
[TRACE] COPYING CREATED FILE: /home/alannaharding/TitaniumStudioWorkspace/NetflixBrowser_crossplatform3/NetflixBrowser_crossplatform/Resources/KS_nav_ui.png => /home/alannaharding/TitaniumStudioWorkspace/NetflixBrowser_crossplatform3/NetflixBrowser_crossplatform/build/android/bin/assets/Resources/KS_nav_ui.png
[TRACE] COPYING CREATED FILE: /home/alannaharding/TitaniumStudioWorkspace/NetflixBrowser_crossplatform3/NetflixBrowser_crossplatform/Resources/KS_nav_views.png => /home/alannaharding/TitaniumStudioWorkspace/NetflixBrowser_crossplatform3/NetflixBrowser_crossplatform/build/android/bin/assets/Resources/KS_nav_views.png
[TRACE] COPYING CREATED FILE: /home/alannaharding/TitaniumStudioWorkspace/NetflixBrowser_crossplatform3/NetflixBrowser_crossplatform/Resources/JayData-standalone.js => /home/alannaharding/TitaniumStudioWorkspace/NetflixBrowser_crossplatform3/NetflixBrowser_crossplatform/build/android/bin/assets/Resources/JayData-standalone.js
[TRACE] COPYING CREATED FILE: /home/alannaharding/TitaniumStudioWorkspace/NetflixBrowser_crossplatform3/NetflixBrowser_crossplatform/Resources/ui/common/MasterView.js => /home/alannaharding/TitaniumStudioWorkspace/NetflixBrowser_crossplatform3/NetflixBrowser_crossplatform/build/android/bin/assets/Resources/ui/common/MasterView.js
[TRACE] COPYING CREATED FILE: /home/alannaharding/TitaniumStudioWorkspace/NetflixBrowser_crossplatform3/NetflixBrowser_crossplatform/Resources/ui/common/DetailView.js => /home/alannaharding/TitaniumStudioWorkspace/NetflixBrowser_crossplatform3/NetflixBrowser_crossplatform/build/android/bin/assets/Resources/ui/common/DetailView.js
[TRACE] COPYING CREATED FILE: /home/alannaharding/TitaniumStudioWorkspace/NetflixBrowser_crossplatform3/NetflixBrowser_crossplatform/Resources/ui/handheld/ios/ApplicationWindow.js => /home/alannaharding/TitaniumStudioWorkspace/NetflixBrowser_crossplatform3/NetflixBrowser_crossplatform/build/android/bin/assets/Resources/ui/handheld/ios/ApplicationWindow.js
[TRACE] COPYING CREATED FILE: /home/alannaharding/TitaniumStudioWorkspace/NetflixBrowser_crossplatform3/NetflixBrowser_crossplatform/Resources/ui/handheld/android/ApplicationWindow.js => /home/alannaharding/TitaniumStudioWorkspace/NetflixBrowser_crossplatform3/NetflixBrowser_crossplatform/build/android/bin/assets/Resources/ui/handheld/android/ApplicationWindow.js
[TRACE] COPYING CREATED FILE: /home/alannaharding/TitaniumStudioWorkspace/NetflixBrowser_crossplatform3/NetflixBrowser_crossplatform/Resources/android/appicon.png => /home/alannaharding/TitaniumStudioWorkspace/NetflixBrowser_crossplatform3/NetflixBrowser_crossplatform/build/android/bin/assets/Resources/appicon.png
[TRACE] COPYING CREATED FILE: /home/alannaharding/TitaniumStudioWorkspace/NetflixBrowser_crossplatform3/NetflixBrowser_crossplatform/Resources/android/default.png => /home/alannaharding/TitaniumStudioWorkspace/NetflixBrowser_crossplatform3/NetflixBrowser_crossplatform/build/android/bin/assets/Resources/default.png
[TRACE] COPYING CREATED FILE: /home/alannaharding/TitaniumStudioWorkspace/NetflixBrowser_crossplatform3/NetflixBrowser_crossplatform/Resources/netflix.js => /home/alannaharding/TitaniumStudioWorkspace/NetflixBrowser_crossplatform3/NetflixBrowser_crossplatform/build/android/bin/assets/Resources/netflix.js
[TRACE] Generating Java Classes
[DEBUG] Processing Android resource drawables
[TRACE] COPYING FILE: /home/alannaharding/TitaniumStudioWorkspace/NetflixBrowser_crossplatform3/NetflixBrowser_crossplatform/Resources/android/images/res-long-land-ldpi/default.png => /home/alannaharding/TitaniumStudioWorkspace/NetflixBrowser_crossplatform3/NetflixBrowser_crossplatform/build/android/res/drawable-long-land-ldpi/default_d44e27d97b.png
[TRACE] COPYING FILE: /home/alannaharding/TitaniumStudioWorkspace/NetflixBrowser_crossplatform3/NetflixBrowser_crossplatform/Resources/android/images/res-long-port-ldpi/default.png => /home/alannaharding/TitaniumStudioWorkspace/NetflixBrowser_crossplatform3/NetflixBrowser_crossplatform/build/android/res/drawable-long-port-ldpi/default_d44e27d97b.png
[TRACE] COPYING FILE: /home/alannaharding/TitaniumStudioWorkspace/NetflixBrowser_crossplatform3/NetflixBrowser_crossplatform/Resources/android/images/res-notlong-port-hdpi/default.png => /home/alannaharding/TitaniumStudioWorkspace/NetflixBrowser_crossplatform3/NetflixBrowser_crossplatform/build/android/res/drawable-notlong-port-hdpi/default_d44e27d97b.png
[TRACE] COPYING FILE: /home/alannaharding/TitaniumStudioWorkspace/NetflixBrowser_crossplatform3/NetflixBrowser_crossplatform/Resources/android/images/res-notlong-port-ldpi/default.png => /home/alannaharding/TitaniumStudioWorkspace/NetflixBrowser_crossplatform3/NetflixBrowser_crossplatform/build/android/res/drawable-notlong-port-ldpi/default_d44e27d97b.png
[TRACE] COPYING FILE: /home/alannaharding/TitaniumStudioWorkspace/NetflixBrowser_crossplatform3/NetflixBrowser_crossplatform/Resources/android/images/res-long-land-hdpi/default.png => /home/alannaharding/TitaniumStudioWorkspace/NetflixBrowser_crossplatform3/NetflixBrowser_crossplatform/build/android/res/drawable-long-land-hdpi/default_d44e27d97b.png
[TRACE] COPYING FILE: /home/alannaharding/TitaniumStudioWorkspace/NetflixBrowser_crossplatform3/NetflixBrowser_crossplatform/Resources/android/images/res-long-port-hdpi/default.png => /home/alannaharding/TitaniumStudioWorkspace/NetflixBrowser_crossplatform3/NetflixBrowser_crossplatform/build/android/res/drawable-long-port-hdpi/default_d44e27d97b.png
[TRACE] COPYING FILE: /home/alannaharding/TitaniumStudioWorkspace/NetflixBrowser_crossplatform3/NetflixBrowser_crossplatform/Resources/android/images/res-notlong-land-ldpi/default.png => /home/alannaharding/TitaniumStudioWorkspace/NetflixBrowser_crossplatform3/NetflixBrowser_crossplatform/build/android/res/drawable-notlong-land-ldpi/default_d44e27d97b.png
[TRACE] COPYING FILE: /home/alannaharding/TitaniumStudioWorkspace/NetflixBrowser_crossplatform3/NetflixBrowser_crossplatform/Resources/android/images/res-notlong-port-mdpi/default.png => /home/alannaharding/TitaniumStudioWorkspace/NetflixBrowser_crossplatform3/NetflixBrowser_crossplatform/build/android/res/drawable-notlong-port-mdpi/default_d44e27d97b.png
[TRACE] COPYING FILE: /home/alannaharding/TitaniumStudioWorkspace/NetflixBrowser_crossplatform3/NetflixBrowser_crossplatform/Resources/android/images/res-notlong-land-hdpi/default.png => /home/alannaharding/TitaniumStudioWorkspace/NetflixBrowser_crossplatform3/NetflixBrowser_crossplatform/build/android/res/drawable-notlong-land-hdpi/default_d44e27d97b.png
[TRACE] COPYING FILE: /home/alannaharding/TitaniumStudioWorkspace/NetflixBrowser_crossplatform3/NetflixBrowser_crossplatform/Resources/android/images/res-notlong-land-mdpi/default.png => /home/alannaharding/TitaniumStudioWorkspace/NetflixBrowser_crossplatform3/NetflixBrowser_crossplatform/build/android/res/drawable-notlong-land-mdpi/default_d44e27d97b.png
[DEBUG] app stylesheet => /home/alannaharding/TitaniumStudioWorkspace/NetflixBrowser_crossplatform3/NetflixBrowser_crossplatform/build/android/gen/org/jaydata/netflixbrowser/ApplicationStylesheet.java
[DEBUG] copying app icon: /home/alannaharding/TitaniumStudioWorkspace/NetflixBrowser_crossplatform3/NetflixBrowser_crossplatform/build/android/bin/assets/Resources/appicon.png
[DEBUG] generating theme.xml
[DEBUG] found drawable-long-land-ldpi splash screen at /home/alannaharding/TitaniumStudioWorkspace/NetflixBrowser_crossplatform3/NetflixBrowser_crossplatform/Resources/android/images/res-long-land-ldpi/default.png
[DEBUG] copying /home/alannaharding/TitaniumStudioWorkspace/NetflixBrowser_crossplatform3/NetflixBrowser_crossplatform/Resources/android/images/res-long-land-ldpi/default.png splash screen to /home/alannaharding/TitaniumStudioWorkspace/NetflixBrowser_crossplatform3/NetflixBrowser_crossplatform/build/android/res/drawable-long-land-ldpi/background.png
[DEBUG] found drawable-long-port-ldpi splash screen at /home/alannaharding/TitaniumStudioWorkspace/NetflixBrowser_crossplatform3/NetflixBrowser_crossplatform/Resources/android/images/res-long-port-ldpi/default.png
[DEBUG] copying /home/alannaharding/TitaniumStudioWorkspace/NetflixBrowser_crossplatform3/NetflixBrowser_crossplatform/Resources/android/images/res-long-port-ldpi/default.png splash screen to /home/alannaharding/TitaniumStudioWorkspace/NetflixBrowser_crossplatform3/NetflixBrowser_crossplatform/build/android/res/drawable-long-port-ldpi/background.png
[DEBUG] found drawable-notlong-port-hdpi splash screen at /home/alannaharding/TitaniumStudioWorkspace/NetflixBrowser_crossplatform3/NetflixBrowser_crossplatform/Resources/android/images/res-notlong-port-hdpi/default.png
[DEBUG] copying /home/alannaharding/TitaniumStudioWorkspace/NetflixBrowser_crossplatform3/NetflixBrowser_crossplatform/Resources/android/images/res-notlong-port-hdpi/default.png splash screen to /home/alannaharding/TitaniumStudioWorkspace/NetflixBrowser_crossplatform3/NetflixBrowser_crossplatform/build/android/res/drawable-notlong-port-hdpi/background.png
[DEBUG] found drawable-notlong-port-ldpi splash screen at /home/alannaharding/TitaniumStudioWorkspace/NetflixBrowser_crossplatform3/NetflixBrowser_crossplatform/Resources/android/images/res-notlong-port-ldpi/default.png
[DEBUG] copying /home/alannaharding/TitaniumStudioWorkspace/NetflixBrowser_crossplatform3/NetflixBrowser_crossplatform/Resources/android/images/res-notlong-port-ldpi/default.png splash screen to /home/alannaharding/TitaniumStudioWorkspace/NetflixBrowser_crossplatform3/NetflixBrowser_crossplatform/build/android/res/drawable-notlong-port-ldpi/background.png
[DEBUG] found drawable-long-land-hdpi splash screen at /home/alannaharding/TitaniumStudioWorkspace/NetflixBrowser_crossplatform3/NetflixBrowser_crossplatform/Resources/android/images/res-long-land-hdpi/default.png
[DEBUG] copying /home/alannaharding/TitaniumStudioWorkspace/NetflixBrowser_crossplatform3/NetflixBrowser_crossplatform/Resources/android/images/res-long-land-hdpi/default.png splash screen to /home/alannaharding/TitaniumStudioWorkspace/NetflixBrowser_crossplatform3/NetflixBrowser_crossplatform/build/android/res/drawable-long-land-hdpi/background.png
[DEBUG] found drawable-long-port-hdpi splash screen at /home/alannaharding/TitaniumStudioWorkspace/NetflixBrowser_crossplatform3/NetflixBrowser_crossplatform/Resources/android/images/res-long-port-hdpi/default.png
[DEBUG] copying /home/alannaharding/TitaniumStudioWorkspace/NetflixBrowser_crossplatform3/NetflixBrowser_crossplatform/Resources/android/images/res-long-port-hdpi/default.png splash screen to /home/alannaharding/TitaniumStudioWorkspace/NetflixBrowser_crossplatform3/NetflixBrowser_crossplatform/build/android/res/drawable-long-port-hdpi/background.png
[DEBUG] found drawable-notlong-land-ldpi splash screen at /home/alannaharding/TitaniumStudioWorkspace/NetflixBrowser_crossplatform3/NetflixBrowser_crossplatform/Resources/android/images/res-notlong-land-ldpi/default.png
[DEBUG] copying /home/alannaharding/TitaniumStudioWorkspace/NetflixBrowser_crossplatform3/NetflixBrowser_crossplatform/Resources/android/images/res-notlong-land-ldpi/default.png splash screen to /home/alannaharding/TitaniumStudioWorkspace/NetflixBrowser_crossplatform3/NetflixBrowser_crossplatform/build/android/res/drawable-notlong-land-ldpi/background.png
[DEBUG] found drawable-notlong-port-mdpi splash screen at /home/alannaharding/TitaniumStudioWorkspace/NetflixBrowser_crossplatform3/NetflixBrowser_crossplatform/Resources/android/images/res-notlong-port-mdpi/default.png
[DEBUG] copying /home/alannaharding/TitaniumStudioWorkspace/NetflixBrowser_crossplatform3/NetflixBrowser_crossplatform/Resources/android/images/res-notlong-port-mdpi/default.png splash screen to /home/alannaharding/TitaniumStudioWorkspace/NetflixBrowser_crossplatform3/NetflixBrowser_crossplatform/build/android/res/drawable-notlong-port-mdpi/background.png
[DEBUG] found drawable-notlong-land-hdpi splash screen at /home/alannaharding/TitaniumStudioWorkspace/NetflixBrowser_crossplatform3/NetflixBrowser_crossplatform/Resources/android/images/res-notlong-land-hdpi/default.png
[DEBUG] copying /home/alannaharding/TitaniumStudioWorkspace/NetflixBrowser_crossplatform3/NetflixBrowser_crossplatform/Resources/android/images/res-notlong-land-hdpi/default.png splash screen to /home/alannaharding/TitaniumStudioWorkspace/NetflixBrowser_crossplatform3/NetflixBrowser_crossplatform/build/android/res/drawable-notlong-land-hdpi/background.png
[DEBUG] found drawable-notlong-land-mdpi splash screen at /home/alannaharding/TitaniumStudioWorkspace/NetflixBrowser_crossplatform3/NetflixBrowser_crossplatform/Resources/android/images/res-notlong-land-mdpi/default.png
[DEBUG] copying /home/alannaharding/TitaniumStudioWorkspace/NetflixBrowser_crossplatform3/NetflixBrowser_crossplatform/Resources/android/images/res-notlong-land-mdpi/default.png splash screen to /home/alannaharding/TitaniumStudioWorkspace/NetflixBrowser_crossplatform3/NetflixBrowser_crossplatform/build/android/res/drawable-notlong-land-mdpi/background.png
[DEBUG] found splash screen at /home/alannaharding/TitaniumStudioWorkspace/NetflixBrowser_crossplatform3/NetflixBrowser_crossplatform/build/android/bin/assets/Resources/default.png
[TRACE] Writing out AndroidManifest.xml
[DEBUG] adding /home/alannaharding/TitaniumStudioWorkspace/NetflixBrowser_crossplatform3/NetflixBrowser_crossplatform/build/android/gen/org/jaydata/netflixbrowser/NetflixbrowserActivity.java to javac build list
[DEBUG] adding /home/alannaharding/TitaniumStudioWorkspace/NetflixBrowser_crossplatform3/NetflixBrowser_crossplatform/build/android/gen/org/jaydata/netflixbrowser/ApplicationStylesheet.java to javac build list
[DEBUG] adding /home/alannaharding/TitaniumStudioWorkspace/NetflixBrowser_crossplatform3/NetflixBrowser_crossplatform/build/android/gen/org/jaydata/netflixbrowser/NetflixbrowserAppInfo.java to javac build list
[DEBUG] adding /home/alannaharding/TitaniumStudioWorkspace/NetflixBrowser_crossplatform3/NetflixBrowser_crossplatform/build/android/gen/org/jaydata/netflixbrowser/NetflixbrowserApplication.java to javac build list
[DEBUG] adding /home/alannaharding/TitaniumStudioWorkspace/NetflixBrowser_crossplatform3/NetflixBrowser_crossplatform/build/android/gen/org/jaydata/netflixbrowser/R.java to javac build list
[DEBUG] Building Java Sources: "/home/alannaharding/TitaniumStudioWorkspace/NetflixBrowser_crossplatform3/NetflixBrowser_crossplatform/build/android/gen/org/jaydata/netflixbrowser/NetflixbrowserActivity.java" "/home/alannaharding/TitaniumStudioWorkspace/NetflixBrowser_crossplatform3/NetflixBrowser_crossplatform/build/android/gen/org/jaydata/netflixbrowser/ApplicationStylesheet.java" "/home/alannaharding/TitaniumStudioWorkspace/NetflixBrowser_crossplatform3/NetflixBrowser_crossplatform/build/android/gen/org/jaydata/netflixbrowser/NetflixbrowserAppInfo.java" "/home/alannaharding/TitaniumStudioWorkspace/NetflixBrowser_crossplatform3/NetflixBrowser_crossplatform/build/android/gen/org/jaydata/netflixbrowser/NetflixbrowserApplication.java" "/home/alannaharding/TitaniumStudioWorkspace/NetflixBrowser_crossplatform3/NetflixBrowser_crossplatform/build/android/gen/org/jaydata/netflixbrowser/R.java"
[INFO] Waiting for SDCard to become available..
[INFO] Compiling Android Resources... This could take some time
[DEBUG] Android classes.dex built
[DEBUG] creating unsigned apk: /home/alannaharding/TitaniumStudioWorkspace/NetflixBrowser_crossplatform3/NetflixBrowser_crossplatform/build/android/bin/app-unsigned.apk
[DEBUG] from resource zip => assets/Resources/ui/common/DetailView.js
[DEBUG] from resource zip => assets/Resources/ui/common/MasterView.js
[DEBUG] from resource zip => assets/Resources/ui/handheld/android/ApplicationWindow.js
[DEBUG] from resource zip => assets/Resources/ui/handheld/ios/ApplicationWindow.js
[DEBUG] from resource zip => assets/Resources/JayData-standalone.js
[DEBUG] from resource zip => assets/Resources/KS_nav_ui.png
[DEBUG] from resource zip => assets/Resources/KS_nav_views.png
[DEBUG] from resource zip => assets/Resources/app.js
[DEBUG] from resource zip => assets/Resources/appicon.png
[DEBUG] from resource zip => assets/Resources/default.png
[DEBUG] from resource zip => assets/Resources/netflix.js
[DEBUG] from resource zip => assets/app.json
[DEBUG] from resource zip => assets/index.json
[DEBUG] from resource zip => assets/tiapp.xml
[DEBUG] from resource zip => res/drawable/appicon.png
[DEBUG] from resource zip => res/drawable/background.png
[DEBUG] from resource zip => res/drawable/close.png
[DEBUG] from resource zip => res/drawable/facebook_login.png
[DEBUG] from resource zip => res/drawable/facebook_login_down.png
[DEBUG] from resource zip => res/drawable/facebook_login_wide.png
[DEBUG] from resource zip => res/drawable/facebook_login_wide_down.png
[DEBUG] from resource zip => res/drawable/facebook_logout.png
[DEBUG] from resource zip => res/drawable/facebook_logout_down.png
[DEBUG] from resource zip => res/layout/titanium_tabgroup.xml
[DEBUG] from resource zip => AndroidManifest.xml
[DEBUG] from resource zip => resources.arsc
[DEBUG] from resource zip => res/drawable-hdpi/close.png
[DEBUG] from resource zip => res/drawable-ldpi/close.png
[DEBUG] from resource zip => res/drawable-long-land-hdpi/background.png
[DEBUG] from resource zip => res/drawable-long-land-hdpi/default_d44e27d97b.png
[DEBUG] from resource zip => res/drawable-long-land-ldpi/background.png
[DEBUG] from resource zip => res/drawable-long-land-ldpi/default_d44e27d97b.png
[DEBUG] from resource zip => res/drawable-long-port-hdpi/background.png
[DEBUG] from resource zip => res/drawable-long-port-hdpi/default_d44e27d97b.png
[DEBUG] from resource zip => res/drawable-long-port-ldpi/background.png
[DEBUG] from resource zip => res/drawable-long-port-ldpi/default_d44e27d97b.png
[DEBUG] from resource zip => res/drawable-notlong-land-hdpi/background.png
[DEBUG] from resource zip => res/drawable-notlong-land-hdpi/default_d44e27d97b.png
[DEBUG] from resource zip => res/drawable-notlong-land-ldpi/background.png
[DEBUG] from resource zip => res/drawable-notlong-land-ldpi/default_d44e27d97b.png
[DEBUG] from resource zip => res/drawable-notlong-land-mdpi/background.png
[DEBUG] from resource zip => res/drawable-notlong-land-mdpi/default_d44e27d97b.png
[DEBUG] from resource zip => res/drawable-notlong-port-hdpi/background.png
[DEBUG] from resource zip => res/drawable-notlong-port-hdpi/default_d44e27d97b.png
[DEBUG] from resource zip => res/drawable-notlong-port-ldpi/background.png
[DEBUG] from resource zip => res/drawable-notlong-port-ldpi/default_d44e27d97b.png
[DEBUG] from resource zip => res/drawable-notlong-port-mdpi/background.png
[DEBUG] from resource zip => res/drawable-notlong-port-mdpi/default_d44e27d97b.png
[DEBUG] from JAR /home/alannaharding/.titanium/mobilesdk/linux/2.1.0.GA/android/modules/titanium-ui.jar => ti/modules/titanium/ui/widget/webview/binding.js
[DEBUG] from JAR /home/alannaharding/.titanium/mobilesdk/linux/2.1.0.GA/android/modules/titanium-ui.jar => ti/modules/titanium/ui/widget/webview/binding.min.js
[DEBUG] from JAR /home/alannaharding/.titanium/mobilesdk/linux/2.1.0.GA/android/modules/titanium-ui.jar => ti/modules/titanium/ui/widget/webview/json2.js
[DEBUG] from JAR /home/alannaharding/.titanium/mobilesdk/linux/2.1.0.GA/android/thirdparty.jar => org/apache/Commons-NOTICE.txt
[DEBUG] from JAR /home/alannaharding/.titanium/mobilesdk/linux/2.1.0.GA/android/thirdparty.jar => org/apache/HttpComponents-NOTICE.txt
[DEBUG] from JAR /home/alannaharding/.titanium/mobilesdk/linux/2.1.0.GA/android/thirdparty.jar => org/apache/mime4j-NOTICE.txt
[DEBUG] from JAR /home/alannaharding/.titanium/mobilesdk/linux/2.1.0.GA/android/titanium.jar => org/appcelerator/titanium/build.properties
[DEBUG] from JAR /home/alannaharding/.titanium/mobilesdk/linux/2.1.0.GA/android/titanium.jar => org/appcelerator/titanium/res/drawable/background.png
[DEBUG] from JAR /home/alannaharding/.titanium/mobilesdk/linux/2.1.0.GA/android/titanium.jar => org/appcelerator/titanium/res/drawable/btn_check_buttonless_on.png
[DEBUG] from JAR /home/alannaharding/.titanium/mobilesdk/linux/2.1.0.GA/android/titanium.jar => org/appcelerator/titanium/res/drawable/btn_check_buttonless_on_18.png
[DEBUG] from JAR /home/alannaharding/.titanium/mobilesdk/linux/2.1.0.GA/android/titanium.jar => org/appcelerator/titanium/res/drawable/btn_check_buttonless_on_48.png
[DEBUG] from JAR /home/alannaharding/.titanium/mobilesdk/linux/2.1.0.GA/android/titanium.jar => org/appcelerator/titanium/res/drawable/btn_more.png
[DEBUG] from JAR /home/alannaharding/.titanium/mobilesdk/linux/2.1.0.GA/android/titanium.jar => org/appcelerator/titanium/res/drawable/btn_more_18.png
[DEBUG] from JAR /home/alannaharding/.titanium/mobilesdk/linux/2.1.0.GA/android/titanium.jar => org/appcelerator/titanium/res/drawable/btn_more_48.png
[DEBUG] from JAR /home/alannaharding/.titanium/mobilesdk/linux/2.1.0.GA/android/titanium.jar => org/appcelerator/titanium/res/drawable/btn_picker_normal.9.png
[DEBUG] from JAR /home/alannaharding/.titanium/mobilesdk/linux/2.1.0.GA/android/titanium.jar => org/appcelerator/titanium/res/drawable/btn_picker_pressed.9.png
[DEBUG] from JAR /home/alannaharding/.titanium/mobilesdk/linux/2.1.0.GA/android/titanium.jar => org/appcelerator/titanium/res/drawable/btn_picker_selected.9.png
[DEBUG] from JAR /home/alannaharding/.titanium/mobilesdk/linux/2.1.0.GA/android/titanium.jar => org/appcelerator/titanium/res/drawable/default_icon.png
[DEBUG] from JAR /home/alannaharding/.titanium/mobilesdk/linux/2.1.0.GA/android/titanium.jar => org/appcelerator/titanium/res/drawable/photoDefault.png
[DEBUG] from JAR /home/alannaharding/.titanium/mobilesdk/linux/2.1.0.GA/android/modules/titanium-facebook.jar => ti/modules/titanium/facebook/LICENSE
[DEBUG] installing native SDK libs
[DEBUG] Waiting for device to be ready ...
[TRACE] adb devices returned 1 devices/emulators
[DEBUG] Device connected... (waited 0 seconds)
[DEBUG] waited 0.004965 seconds on emulator to get ready
[INFO] Installing application on emulator
[INFO] Launching application ... NetflixBrowser
[TRACE] Launch output: Starting: Intent { act=android.intent.action.MAIN cat=[android.intent.category.LAUNCHER] cmp=org.jaydata.netflixbrowser/.NetflixbrowserActivity }

[INFO] Deployed NetflixBrowser ... Application should be running.
[INFO] Android Emulator has exited
